<?xml version="1.0" encoding="UTF-8" ?>
<testsuite failures="0" time="7.927" errors="0" skipped="0" tests="10" name="isw2.TestEvaluacion">
  <properties>
    <property name="java.runtime.name" value="Java(TM) SE Runtime Environment"/>
    <property name="sun.boot.library.path" value="C:\Program Files\Java\jre6\bin"/>
    <property name="java.vm.version" value="20.5-b03"/>
    <property name="java.vm.vendor" value="Sun Microsystems Inc."/>
    <property name="java.vendor.url" value="http://java.sun.com/"/>
    <property name="path.separator" value=";"/>
    <property name="guice.disable.misplaced.annotation.check" value="true"/>
    <property name="java.vm.name" value="Java HotSpot(TM) 64-Bit Server VM"/>
    <property name="file.encoding.pkg" value="sun.io"/>
    <property name="user.country" value="ES"/>
    <property name="sun.java.launcher" value="SUN_STANDARD"/>
    <property name="sun.os.patch.level" value="Service Pack 1"/>
    <property name="java.vm.specification.name" value="Java Virtual Machine Specification"/>
    <property name="user.dir" value="C:\Users\Carlos\workspace\acme"/>
    <property name="java.runtime.version" value="1.6.0_30-b12"/>
    <property name="java.awt.graphicsenv" value="sun.awt.Win32GraphicsEnvironment"/>
    <property name="basedir" value="C:\Users\Carlos\workspace\acme"/>
    <property name="java.endorsed.dirs" value="C:\Program Files\Java\jre6\lib\endorsed"/>
    <property name="os.arch" value="amd64"/>
    <property name="java.io.tmpdir" value="C:\Users\Carlos\AppData\Local\Temp\"/>
    <property name="line.separator" value="
"/>
    <property name="java.vm.specification.vendor" value="Sun Microsystems Inc."/>
    <property name="user.variant" value=""/>
    <property name="os.name" value="Windows 7"/>
    <property name="classworlds.conf" value="C:\Users\Carlos\workspace\.metadata\.plugins\org.eclipse.m2e.core\launches\m2conf5210241983968312590.tmp"/>
    <property name="sun.jnu.encoding" value="Cp1252"/>
    <property name="java.library.path" value="C:\Program Files\Java\jre6\bin;C:\Windows\Sun\Java\bin;C:\Windows\system32;C:\Windows;C:\Windows\system32;C:\Windows;C:\Windows\System32\Wbem;C:\Windows\System32\WindowsPowerShell\v1.0\;c:\Program Files (x86)\Microsoft SQL Server\100\Tools\Binn\;c:\Program Files\Microsoft SQL Server\100\Tools\Binn\;c:\Program Files\Microsoft SQL Server\100\DTS\Binn\;C:\Program Files (x86)\Android\android-sdk;C:\Program Files (x86)\Android\android-sdk\platform-tools;c:\python27;c:\apache-maven-3.0.4\bin;C:\Program Files\Java\jdk1.6.0_30/bin;C:\Program Files (x86)\OpenSSH\bin;."/>
    <property name="surefire.test.class.path" value="C:\Users\Carlos\workspace\acme\target\test-classes;C:\Users\Carlos\workspace\acme\target\classes;C:\Users\Carlos\.m2\repository\junit\junit\4.8.1\junit-4.8.1.jar;C:\Users\Carlos\.m2\repository\TDG-Contract\TDG-Contract\3.0\TDG-Contract-3.0.jar;C:\Users\Carlos\.m2\repository\asm\asm-commons\3.2\asm-commons-3.2.jar;C:\Users\Carlos\.m2\repository\asm\asm-tree\3.2\asm-tree-3.2.jar;C:\Users\Carlos\.m2\repository\asm\asm-util\3.0\asm-util-3.0.jar;C:\Users\Carlos\.m2\repository\asm\asm\3.2\asm-3.2.jar;C:\Users\Carlos\.m2\repository\org\antlr\antlr\3.2\antlr-3.2.jar;C:\Users\Carlos\.m2\repository\org\antlr\antlr-runtime\3.2\antlr-runtime-3.2.jar;C:\Users\Carlos\.m2\repository\org\antlr\stringtemplate\3.2\stringtemplate-3.2.jar;C:\Users\Carlos\.m2\repository\org\hibernate\hibernate-core\3.6.2.Final\hibernate-core-3.6.2.Final.jar;C:\Users\Carlos\.m2\repository\antlr\antlr\2.7.6\antlr-2.7.6.jar;C:\Users\Carlos\.m2\repository\commons-collections\commons-collections\3.1\commons-collections-3.1.jar;C:\Users\Carlos\.m2\repository\dom4j\dom4j\1.6.1\dom4j-1.6.1.jar;C:\Users\Carlos\.m2\repository\org\hibernate\hibernate-commons-annotations\3.2.0.Final\hibernate-commons-annotations-3.2.0.Final.jar;C:\Users\Carlos\.m2\repository\org\hibernate\javax\persistence\hibernate-jpa-2.0-api\1.0.0.Final\hibernate-jpa-2.0-api-1.0.0.Final.jar;C:\Users\Carlos\.m2\repository\javax\transaction\jta\1.1\jta-1.1.jar;C:\Users\Carlos\.m2\repository\org\slf4j\slf4j-api\1.6.1\slf4j-api-1.6.1.jar;C:\Users\Carlos\.m2\repository\org\hibernate\hibernate-entitymanager\3.6.2.Final\hibernate-entitymanager-3.6.2.Final.jar;C:\Users\Carlos\.m2\repository\cglib\cglib\2.2\cglib-2.2.jar;C:\Users\Carlos\.m2\repository\org\slf4j\slf4j-log4j12\1.6.1\slf4j-log4j12-1.6.1.jar;C:\Users\Carlos\.m2\repository\log4j\log4j\1.2.16\log4j-1.2.16.jar;C:\Users\Carlos\.m2\repository\javassist\javassist\3.12.0.GA\javassist-3.12.0.GA.jar;C:\Users\Carlos\.m2\repository\mysql\mysql-connector-java\5.1.15\mysql-connector-java-5.1.15.jar;C:\Users\Carlos\.m2\repository\com\h2database\h2\1.2.140\h2-1.2.140.jar;"/>
    <property name="java.specification.name" value="Java Platform API Specification"/>
    <property name="java.class.version" value="50.0"/>
    <property name="sun.management.compiler" value="HotSpot 64-Bit Tiered Compilers"/>
    <property name="os.version" value="6.1"/>
    <property name="user.home" value="C:\Users\Carlos"/>
    <property name="user.timezone" value="Europe/Paris"/>
    <property name="java.awt.printerjob" value="sun.awt.windows.WPrinterJob"/>
    <property name="java.specification.version" value="1.6"/>
    <property name="file.encoding" value="Cp1252"/>
    <property name="user.name" value="Carlos"/>
    <property name="java.class.path" value="/C:/eclipse/plugins/org.eclipse.m2e.maven.runtime_1.0.100.20110804-1717/jars/plexus-classworlds-2.4.jar"/>
    <property name="java.vm.specification.version" value="1.0"/>
    <property name="sun.arch.data.model" value="64"/>
    <property name="java.home" value="C:\Program Files\Java\jre6"/>
    <property name="sun.java.command" value="org.codehaus.plexus.classworlds.launcher.Launcher -B test"/>
    <property name="java.specification.vendor" value="Sun Microsystems Inc."/>
    <property name="user.language" value="es"/>
    <property name="awt.toolkit" value="sun.awt.windows.WToolkit"/>
    <property name="java.vm.info" value="mixed mode"/>
    <property name="java.version" value="1.6.0_30"/>
    <property name="java.ext.dirs" value="C:\Program Files\Java\jre6\lib\ext;C:\Windows\Sun\Java\lib\ext"/>
    <property name="sun.boot.class.path" value="C:\Program Files\Java\jre6\lib\resources.jar;C:\Program Files\Java\jre6\lib\rt.jar;C:\Program Files\Java\jre6\lib\sunrsasign.jar;C:\Program Files\Java\jre6\lib\jsse.jar;C:\Program Files\Java\jre6\lib\jce.jar;C:\Program Files\Java\jre6\lib\charsets.jar;C:\Program Files\Java\jre6\lib\modules\jdk.boot.jar;C:\Program Files\Java\jre6\classes"/>
    <property name="java.vendor" value="Sun Microsystems Inc."/>
    <property name="maven.home" value="C:\Users\Carlos\workspace\acme\EMBEDDED"/>
    <property name="localRepository" value="C:\Users\Carlos\.m2\repository"/>
    <property name="file.separator" value="\"/>
    <property name="java.vendor.url.bug" value="http://java.sun.com/cgi-bin/bugreport.cgi"/>
    <property name="sun.cpu.endian" value="little"/>
    <property name="sun.io.unicode.encoding" value="UnicodeLittle"/>
    <property name="sun.desktop" value="windows"/>
    <property name="sun.cpu.isalist" value="amd64"/>
  </properties>
  <testcase time="6.966" name="crearTecnico1"/>
  <testcase time="0.007" name="crearTecnico2"/>
  <testcase time="0.007" name="crearTecnico3"/>
  <testcase time="0.722" name="crearProducto1"/>
  <testcase time="0.017" name="crearProducto2"/>
  <testcase time="0.01" name="crearProducto3"/>
  <testcase time="0.051" name="crearProducto4"/>
  <testcase time="0.059" name="crearProducto5"/>
  <testcase time="0.043" name="asignarProcedimientos1"/>
  <testcase time="0.037" name="asignarProcedimientos2"/>
</testsuite>